<?xml version="1.0" encoding="UTF-8"?>
<testsuite name="com.zac.johnson.katas.TwoSumSpec" tests="3" skipped="0" failures="0" errors="0" timestamp="2023-03-01T16:58:59" hostname="LCANB-ADEVSH07F" time="0.015">
  <properties/>
  <testcase name="twoSum_test_1()" classname="com.zac.johnson.katas.TwoSumSpec" time="0.013"/>
  <testcase name="twoSum_test_2()" classname="com.zac.johnson.katas.TwoSumSpec" time="0.0"/>
  <testcase name="twoSum_test_3()" classname="com.zac.johnson.katas.TwoSumSpec" time="0.0"/>
  <system-out><![CDATA[]]></system-out>
  <system-err><![CDATA[]]></system-err>
</testsuite>
